mode: set
github.com/golly-go/plugins/eventsource/examples/projections/main.go:30.87,31.30 1 0
github.com/golly-go/plugins/eventsource/examples/projections/main.go:32.20,35.36 3 0
github.com/golly-go/plugins/eventsource/examples/projections/main.go:37.2,37.12 1 0
github.com/golly-go/plugins/eventsource/examples/projections/main.go:40.13,58.27 7 0
github.com/golly-go/plugins/eventsource/examples/projections/main.go:58.27,73.3 2 0
github.com/golly-go/plugins/eventsource/examples/projections/main.go:75.2,83.59 5 0
github.com/golly-go/plugins/eventsource/examples/middleware/main.go:10.13,27.2 3 0
github.com/golly-go/plugins/eventsource/examples/aggregates/main.go:25.35,27.2 1 0
github.com/golly-go/plugins/eventsource/examples/aggregates/main.go:30.81,31.25 1 0
github.com/golly-go/plugins/eventsource/examples/aggregates/main.go:32.26,34.44 2 0
github.com/golly-go/plugins/eventsource/examples/aggregates/main.go:36.2,36.12 1 0
github.com/golly-go/plugins/eventsource/examples/aggregates/main.go:39.13,60.59 6 0
github.com/golly-go/plugins/eventsource/examples/aggregates/main.go:60.59,62.3 1 0
github.com/golly-go/plugins/eventsource/examples/aggregates/main.go:64.2,64.52 1 0
github.com/golly-go/plugins/eventsource/examples/aggregates/main.go:73.89,87.2 3 0
github.com/golly-go/plugins/eventsource/examples/basic/main.go:25.31,25.46 1 0
github.com/golly-go/plugins/eventsource/examples/basic/main.go:27.54,30.2 2 0
github.com/golly-go/plugins/eventsource/examples/basic/main.go:38.83,41.2 2 0
github.com/golly-go/plugins/eventsource/examples/basic/main.go:43.13,62.55 8 0
github.com/golly-go/plugins/eventsource/examples/basic/main.go:62.55,64.3 1 0
github.com/golly-go/plugins/eventsource/examples/basic/main.go:67.2,78.40 8 0
github.com/golly-go/plugins/eventsource/examples/full/main.go:28.32,30.2 1 0
github.com/golly-go/plugins/eventsource/examples/full/main.go:32.60,39.2 4 0
github.com/golly-go/plugins/eventsource/examples/full/main.go:58.45,60.2 1 0
github.com/golly-go/plugins/eventsource/examples/full/main.go:62.87,63.30 1 0
github.com/golly-go/plugins/eventsource/examples/full/main.go:64.20,66.29 2 0
github.com/golly-go/plugins/eventsource/examples/full/main.go:68.2,68.12 1 0
github.com/golly-go/plugins/eventsource/examples/full/main.go:77.84,80.2 2 0
github.com/golly-go/plugins/eventsource/examples/full/main.go:82.13,106.56 10 0
github.com/golly-go/plugins/eventsource/examples/full/main.go:106.56,109.3 2 0
github.com/golly-go/plugins/eventsource/examples/full/main.go:111.2,128.24 11 0
github.com/golly-go/plugins/eventsource/aggregate.go:62.58,62.105 1 1
github.com/golly-go/plugins/eventsource/aggregate.go:63.58,63.82 1 1
github.com/golly-go/plugins/eventsource/aggregate.go:64.58,64.83 1 1
github.com/golly-go/plugins/eventsource/aggregate.go:66.43,66.64 1 1
github.com/golly-go/plugins/eventsource/aggregate.go:68.52,68.85 1 1
github.com/golly-go/plugins/eventsource/aggregate.go:69.52,69.82 1 1
github.com/golly-go/plugins/eventsource/aggregate.go:71.70,72.42 1 0
github.com/golly-go/plugins/eventsource/aggregate.go:72.42,74.3 1 0
github.com/golly-go/plugins/eventsource/aggregate.go:76.2,77.12 2 0
github.com/golly-go/plugins/eventsource/aggregate.go:81.69,82.22 1 1
github.com/golly-go/plugins/eventsource/aggregate.go:82.22,84.3 1 1
github.com/golly-go/plugins/eventsource/aggregate.go:87.2,87.41 1 1
github.com/golly-go/plugins/eventsource/aggregate.go:87.41,87.89 1 1
github.com/golly-go/plugins/eventsource/aggregate.go:89.2,89.29 1 1
github.com/golly-go/plugins/eventsource/aggregate.go:89.29,90.41 1 1
github.com/golly-go/plugins/eventsource/aggregate.go:90.41,92.4 1 0
github.com/golly-go/plugins/eventsource/aggregate.go:95.2,96.12 2 1
github.com/golly-go/plugins/eventsource/aggregate.go:101.46,102.25 1 1
github.com/golly-go/plugins/eventsource/aggregate.go:102.25,104.3 1 1
github.com/golly-go/plugins/eventsource/aggregate.go:110.74,115.30 3 1
github.com/golly-go/plugins/eventsource/aggregate.go:115.30,117.3 1 1
github.com/golly-go/plugins/eventsource/aggregate.go:117.8,119.3 1 1
github.com/golly-go/plugins/eventsource/aggregate.go:121.2,124.25 3 1
github.com/golly-go/plugins/eventsource/aggregate.go:130.82,133.23 2 1
github.com/golly-go/plugins/eventsource/aggregate.go:133.23,135.3 1 0
github.com/golly-go/plugins/eventsource/aggregate.go:137.2,139.35 2 1
github.com/golly-go/plugins/eventsource/aggregate.go:139.35,140.112 1 1
github.com/golly-go/plugins/eventsource/aggregate.go:140.112,141.12 1 0
github.com/golly-go/plugins/eventsource/aggregate.go:144.3,144.43 1 1
github.com/golly-go/plugins/eventsource/aggregate.go:144.43,146.4 1 0
github.com/golly-go/plugins/eventsource/aggregate.go:150.3,150.26 1 1
github.com/golly-go/plugins/eventsource/aggregate.go:150.26,152.4 1 0
github.com/golly-go/plugins/eventsource/aggregate.go:154.3,161.24 6 1
github.com/golly-go/plugins/eventsource/aggregate.go:164.2,166.53 2 1
github.com/golly-go/plugins/eventsource/aggregate.go:166.53,168.3 1 1
github.com/golly-go/plugins/eventsource/aggregate.go:170.2,170.12 1 1
github.com/golly-go/plugins/eventsource/aggregate.go:173.53,174.26 1 1
github.com/golly-go/plugins/eventsource/aggregate.go:174.26,176.3 1 0
github.com/golly-go/plugins/eventsource/aggregate.go:178.2,178.32 1 1
github.com/golly-go/plugins/eventsource/aggregate.go:179.29,180.48 1 0
github.com/golly-go/plugins/eventsource/aggregate.go:180.48,182.4 1 0
github.com/golly-go/plugins/eventsource/aggregate.go:184.28,185.48 1 1
github.com/golly-go/plugins/eventsource/aggregate.go:185.48,187.4 1 0
github.com/golly-go/plugins/eventsource/aggregate.go:190.2,192.12 2 1
github.com/golly-go/plugins/eventsource/aggregate.go:221.45,222.23 1 1
github.com/golly-go/plugins/eventsource/aggregate.go:222.23,224.3 1 0
github.com/golly-go/plugins/eventsource/aggregate.go:225.2,228.33 2 1
github.com/golly-go/plugins/eventsource/aggregate.go:228.33,231.3 2 0
github.com/golly-go/plugins/eventsource/aggregate.go:234.2,235.16 2 1
github.com/golly-go/plugins/eventsource/aggregate.go:235.16,237.3 1 1
github.com/golly-go/plugins/eventsource/aggregate.go:237.8,239.48 1 1
github.com/golly-go/plugins/eventsource/aggregate.go:239.48,241.4 1 1
github.com/golly-go/plugins/eventsource/aggregate.go:242.3,242.48 1 1
github.com/golly-go/plugins/eventsource/aggregate.go:242.48,244.4 1 0
github.com/golly-go/plugins/eventsource/aggregate.go:246.2,252.41 3 1
github.com/golly-go/plugins/eventsource/aggregate.go:252.41,255.45 2 1
github.com/golly-go/plugins/eventsource/aggregate.go:255.45,257.4 1 0
github.com/golly-go/plugins/eventsource/aggregate.go:258.3,261.13 4 1
github.com/golly-go/plugins/eventsource/aggregate.go:266.2,266.12 1 1
github.com/golly-go/plugins/eventsource/aggregate_registry.go:32.48,36.2 1 1
github.com/golly-go/plugins/eventsource/aggregate_registry.go:40.92,42.35 2 1
github.com/golly-go/plugins/eventsource/aggregate_registry.go:42.35,45.3 1 0
github.com/golly-go/plugins/eventsource/aggregate_registry.go:47.2,54.12 5 1
github.com/golly-go/plugins/eventsource/aggregate_registry.go:54.12,60.3 2 1
github.com/golly-go/plugins/eventsource/aggregate_registry.go:63.2,63.41 1 1
github.com/golly-go/plugins/eventsource/aggregate_registry.go:63.41,66.36 2 1
github.com/golly-go/plugins/eventsource/aggregate_registry.go:66.36,68.4 1 1
github.com/golly-go/plugins/eventsource/aggregate_registry.go:70.3,73.44 2 1
github.com/golly-go/plugins/eventsource/aggregate_registry.go:73.44,76.62 2 1
github.com/golly-go/plugins/eventsource/aggregate_registry.go:76.62,78.6 1 0
github.com/golly-go/plugins/eventsource/aggregate_registry.go:80.5,80.42 1 1
github.com/golly-go/plugins/eventsource/aggregate_registry.go:82.45,84.5 1 1
github.com/golly-go/plugins/eventsource/aggregate_registry.go:88.2,88.10 1 1
github.com/golly-go/plugins/eventsource/aggregate_registry.go:92.76,97.9 4 1
github.com/golly-go/plugins/eventsource/aggregate_registry.go:97.9,99.3 1 1
github.com/golly-go/plugins/eventsource/aggregate_registry.go:101.2,103.35 3 1
github.com/golly-go/plugins/eventsource/aggregate_registry.go:103.35,105.3 1 1
github.com/golly-go/plugins/eventsource/aggregate_registry.go:105.8,107.3 1 0
github.com/golly-go/plugins/eventsource/aggregate_registry.go:109.2,110.16 2 1
github.com/golly-go/plugins/eventsource/aggregate_registry.go:114.68,115.44 1 1
github.com/golly-go/plugins/eventsource/aggregate_registry.go:115.44,117.3 1 1
github.com/golly-go/plugins/eventsource/aggregate_registry.go:118.2,118.59 1 1
github.com/golly-go/plugins/eventsource/aggregate_registry.go:122.80,127.9 4 1
github.com/golly-go/plugins/eventsource/aggregate_registry.go:127.9,129.3 1 1
github.com/golly-go/plugins/eventsource/aggregate_registry.go:131.2,131.32 1 1
github.com/golly-go/plugins/eventsource/aggregate_registry.go:135.37,141.2 3 0
github.com/golly-go/plugins/eventsource/engine.go:28.40,39.2 4 1
github.com/golly-go/plugins/eventsource/engine.go:42.39,42.59 1 0
github.com/golly-go/plugins/eventsource/engine.go:45.53,45.79 1 0
github.com/golly-go/plugins/eventsource/engine.go:48.52,48.77 1 0
github.com/golly-go/plugins/eventsource/engine.go:50.37,54.2 3 0
github.com/golly-go/plugins/eventsource/engine.go:57.67,60.2 2 0
github.com/golly-go/plugins/eventsource/engine.go:63.52,64.58 1 1
github.com/golly-go/plugins/eventsource/engine.go:64.58,66.3 1 0
github.com/golly-go/plugins/eventsource/engine.go:67.2,67.12 1 1
github.com/golly-go/plugins/eventsource/engine.go:71.59,73.2 1 0
github.com/golly-go/plugins/eventsource/engine.go:76.74,78.2 1 1
github.com/golly-go/plugins/eventsource/engine.go:80.89,83.2 2 1
github.com/golly-go/plugins/eventsource/engine.go:86.81,88.2 1 0
github.com/golly-go/plugins/eventsource/engine.go:91.82,93.2 1 0
github.com/golly-go/plugins/eventsource/engine.go:96.81,98.2 1 0
github.com/golly-go/plugins/eventsource/engine.go:101.62,104.50 2 1
github.com/golly-go/plugins/eventsource/engine.go:104.50,105.16 1 0
github.com/golly-go/plugins/eventsource/engine.go:105.16,106.32 1 0
github.com/golly-go/plugins/eventsource/engine.go:106.32,108.5 1 0
github.com/golly-go/plugins/eventsource/engine.go:111.3,112.17 2 0
github.com/golly-go/plugins/eventsource/engine.go:112.17,114.4 1 0
github.com/golly-go/plugins/eventsource/engine.go:117.2,117.58 1 1
github.com/golly-go/plugins/eventsource/engine.go:117.58,119.3 1 0
github.com/golly-go/plugins/eventsource/engine.go:121.2,121.12 1 1
github.com/golly-go/plugins/eventsource/engine.go:129.85,132.25 2 1
github.com/golly-go/plugins/eventsource/engine.go:132.25,134.17 2 1
github.com/golly-go/plugins/eventsource/engine.go:134.17,136.4 1 0
github.com/golly-go/plugins/eventsource/engine.go:138.3,138.37 1 1
github.com/golly-go/plugins/eventsource/engine.go:141.2,141.62 1 1
github.com/golly-go/plugins/eventsource/engine.go:141.62,143.3 1 0
github.com/golly-go/plugins/eventsource/engine.go:145.2,148.12 3 1
github.com/golly-go/plugins/eventsource/engine.go:152.89,153.16 1 1
github.com/golly-go/plugins/eventsource/engine.go:153.16,155.3 1 0
github.com/golly-go/plugins/eventsource/engine.go:157.2,157.44 1 1
github.com/golly-go/plugins/eventsource/engine.go:157.44,159.3 1 0
github.com/golly-go/plugins/eventsource/engine.go:161.2,161.41 1 1
github.com/golly-go/plugins/eventsource/engine.go:161.41,162.45 1 0
github.com/golly-go/plugins/eventsource/engine.go:162.45,164.4 1 0
github.com/golly-go/plugins/eventsource/engine.go:167.2,167.45 1 1
github.com/golly-go/plugins/eventsource/engine.go:167.45,169.3 1 1
github.com/golly-go/plugins/eventsource/engine.go:171.2,171.52 1 1
github.com/golly-go/plugins/eventsource/engine.go:171.52,173.3 1 0
github.com/golly-go/plugins/eventsource/engine.go:175.2,175.23 1 1
github.com/golly-go/plugins/eventsource/engine.go:175.23,177.3 1 0
github.com/golly-go/plugins/eventsource/engine.go:179.2,179.45 1 1
github.com/golly-go/plugins/eventsource/engine.go:182.69,185.54 2 1
github.com/golly-go/plugins/eventsource/engine.go:185.54,187.3 1 0
github.com/golly-go/plugins/eventsource/engine.go:188.2,188.28 1 1
github.com/golly-go/plugins/eventsource/engine.go:188.28,190.3 1 0
github.com/golly-go/plugins/eventsource/engine.go:192.2,195.31 3 1
github.com/golly-go/plugins/eventsource/engine.go:195.31,196.51 1 0
github.com/golly-go/plugins/eventsource/engine.go:196.51,198.53 1 0
github.com/golly-go/plugins/eventsource/engine.go:198.53,200.5 1 0
github.com/golly-go/plugins/eventsource/engine.go:205.2,206.40 1 1
github.com/golly-go/plugins/eventsource/engine.go:206.40,207.27 1 0
github.com/golly-go/plugins/eventsource/engine.go:207.27,209.19 2 0
github.com/golly-go/plugins/eventsource/engine.go:209.19,211.6 1 0
github.com/golly-go/plugins/eventsource/engine.go:213.5,213.49 1 0
github.com/golly-go/plugins/eventsource/engine.go:213.49,215.6 1 0
github.com/golly-go/plugins/eventsource/engine.go:218.4,218.14 1 0
github.com/golly-go/plugins/eventsource/engine.go:232.9,233.93 1 1
github.com/golly-go/plugins/eventsource/engine.go:233.93,234.25 1 1
github.com/golly-go/plugins/eventsource/engine.go:234.25,236.4 1 1
github.com/golly-go/plugins/eventsource/engine.go:238.3,240.29 2 1
github.com/golly-go/plugins/eventsource/engine.go:240.29,242.18 2 1
github.com/golly-go/plugins/eventsource/engine.go:242.18,244.5 1 1
github.com/golly-go/plugins/eventsource/engine.go:245.4,245.20 1 1
github.com/golly-go/plugins/eventsource/engine.go:248.3,248.23 1 1
github.com/golly-go/plugins/eventsource/engine.go:252.118,254.28 2 0
github.com/golly-go/plugins/eventsource/engine.go:254.28,255.42 1 0
github.com/golly-go/plugins/eventsource/engine.go:255.42,257.12 2 0
github.com/golly-go/plugins/eventsource/engine.go:259.3,259.53 1 0
github.com/golly-go/plugins/eventsource/engine.go:262.2,264.66 2 0
github.com/golly-go/plugins/eventsource/engine.go:264.66,267.3 2 0
github.com/golly-go/plugins/eventsource/engine.go:269.2,269.20 1 0
github.com/golly-go/plugins/eventsource/engine.go:272.67,273.45 1 0
github.com/golly-go/plugins/eventsource/engine.go:273.45,275.3 1 0
github.com/golly-go/plugins/eventsource/engine.go:277.2,277.41 1 0
github.com/golly-go/plugins/eventsource/engine.go:277.41,278.22 1 0
github.com/golly-go/plugins/eventsource/engine.go:278.22,280.4 1 0
github.com/golly-go/plugins/eventsource/engine.go:283.2,283.12 1 0
github.com/golly-go/plugins/eventsource/engine.go:287.93,288.16 1 1
github.com/golly-go/plugins/eventsource/engine.go:288.16,290.3 1 1
github.com/golly-go/plugins/eventsource/engine.go:292.2,292.40 1 1
github.com/golly-go/plugins/eventsource/engine.go:292.40,294.3 1 0
github.com/golly-go/plugins/eventsource/engine.go:296.2,296.12 1 1
github.com/golly-go/plugins/eventsource/engine.go:300.63,301.24 1 1
github.com/golly-go/plugins/eventsource/engine.go:301.24,303.18 2 1
github.com/golly-go/plugins/eventsource/engine.go:303.18,305.4 1 1
github.com/golly-go/plugins/eventsource/engine.go:306.3,306.45 1 1
github.com/golly-go/plugins/eventsource/engine.go:311.28,318.24 5 0
github.com/golly-go/plugins/eventsource/engine.go:318.24,320.3 1 0
github.com/golly-go/plugins/eventsource/engine.go:324.27,331.24 5 0
github.com/golly-go/plugins/eventsource/engine.go:331.24,333.3 1 0
github.com/golly-go/plugins/eventsource/engine.go:337.47,338.20 1 1
github.com/golly-go/plugins/eventsource/engine.go:338.20,340.3 1 1
github.com/golly-go/plugins/eventsource/engine.go:341.2,341.39 1 1
github.com/golly-go/plugins/eventsource/engine_helpers.go:31.56,36.38 2 0
github.com/golly-go/plugins/eventsource/engine_helpers.go:36.38,38.3 1 0
github.com/golly-go/plugins/eventsource/engine_helpers.go:40.2,40.40 1 0
github.com/golly-go/plugins/eventsource/engine_helpers.go:40.40,42.3 1 0
github.com/golly-go/plugins/eventsource/engine_helpers.go:44.2,44.15 1 0
github.com/golly-go/plugins/eventsource/engine_helpers.go:47.46,49.27 2 1
github.com/golly-go/plugins/eventsource/engine_helpers.go:49.27,50.42 1 1
github.com/golly-go/plugins/eventsource/engine_helpers.go:50.42,52.12 2 1
github.com/golly-go/plugins/eventsource/engine_helpers.go:55.3,55.34 1 1
github.com/golly-go/plugins/eventsource/engine_helpers.go:55.34,58.36 2 1
github.com/golly-go/plugins/eventsource/engine_helpers.go:58.36,60.5 1 0
github.com/golly-go/plugins/eventsource/engine_helpers.go:64.2,64.15 1 1
github.com/golly-go/plugins/eventsource/engine_helpers.go:67.61,75.26 6 1
github.com/golly-go/plugins/eventsource/engine_helpers.go:75.26,77.3 1 1
github.com/golly-go/plugins/eventsource/engine_helpers.go:77.8,79.3 1 0
github.com/golly-go/plugins/eventsource/engine_helpers.go:81.2,81.20 1 1
github.com/golly-go/plugins/eventsource/engine_helpers.go:81.20,83.3 1 1
github.com/golly-go/plugins/eventsource/engine_helpers.go:83.8,85.3 1 0
github.com/golly-go/plugins/eventsource/engine_helpers.go:87.2,87.12 1 1
github.com/golly-go/plugins/eventsource/event.go:56.37,58.2 1 0
github.com/golly-go/plugins/eventsource/event.go:61.39,63.2 1 1
github.com/golly-go/plugins/eventsource/event.go:66.40,68.2 1 1
github.com/golly-go/plugins/eventsource/event.go:71.44,73.2 1 1
github.com/golly-go/plugins/eventsource/event.go:76.68,79.21 2 1
github.com/golly-go/plugins/eventsource/event.go:79.21,81.3 1 1
github.com/golly-go/plugins/eventsource/event.go:83.2,84.17 2 1
github.com/golly-go/plugins/eventsource/event.go:84.17,86.3 1 1
github.com/golly-go/plugins/eventsource/event.go:88.2,96.3 1 1
github.com/golly-go/plugins/eventsource/event.go:101.53,104.24 2 1
github.com/golly-go/plugins/eventsource/event.go:104.24,105.31 1 1
github.com/golly-go/plugins/eventsource/event.go:105.31,107.4 1 1
github.com/golly-go/plugins/eventsource/event.go:110.2,110.15 1 1
github.com/golly-go/plugins/eventsource/event.go:113.35,115.2 1 0
github.com/golly-go/plugins/eventsource/event.go:117.41,119.2 1 1
github.com/golly-go/plugins/eventsource/event.go:121.39,123.2 1 0
github.com/golly-go/plugins/eventsource/event.go:125.35,127.24 2 1
github.com/golly-go/plugins/eventsource/event.go:127.24,130.3 1 1
github.com/golly-go/plugins/eventsource/event.go:131.2,131.15 1 1
github.com/golly-go/plugins/eventsource/event.go:134.40,135.22 1 1
github.com/golly-go/plugins/eventsource/event.go:135.22,136.44 1 0
github.com/golly-go/plugins/eventsource/event.go:136.44,138.4 1 0
github.com/golly-go/plugins/eventsource/event.go:140.2,140.13 1 1
github.com/golly-go/plugins/eventsource/event.go:143.42,144.22 1 1
github.com/golly-go/plugins/eventsource/event.go:144.22,145.43 1 1
github.com/golly-go/plugins/eventsource/event.go:145.43,147.4 1 1
github.com/golly-go/plugins/eventsource/event.go:149.2,149.13 1 1
github.com/golly-go/plugins/eventsource/event.go:152.67,155.26 1 1
github.com/golly-go/plugins/eventsource/event.go:155.26,158.48 2 0
github.com/golly-go/plugins/eventsource/event.go:158.48,160.4 1 0
github.com/golly-go/plugins/eventsource/event.go:162.3,163.13 2 0
github.com/golly-go/plugins/eventsource/event.go:167.2,167.43 1 1
github.com/golly-go/plugins/eventsource/event.go:167.43,169.3 1 1
github.com/golly-go/plugins/eventsource/event.go:171.2,172.18 2 1
github.com/golly-go/plugins/eventsource/event.go:172.18,174.3 1 1
github.com/golly-go/plugins/eventsource/event.go:176.2,177.16 2 1
github.com/golly-go/plugins/eventsource/event.go:177.16,179.3 1 0
github.com/golly-go/plugins/eventsource/event.go:181.2,182.12 2 1
github.com/golly-go/plugins/eventsource/event.go:185.41,186.25 1 1
github.com/golly-go/plugins/eventsource/event.go:187.23,188.53 1 1
github.com/golly-go/plugins/eventsource/event.go:188.53,190.4 1 0
github.com/golly-go/plugins/eventsource/event.go:191.14,192.61 1 1
github.com/golly-go/plugins/eventsource/event.go:192.61,194.4 1 0
github.com/golly-go/plugins/eventsource/event.go:195.14,196.53 1 1
github.com/golly-go/plugins/eventsource/event.go:196.53,198.4 1 0
github.com/golly-go/plugins/eventsource/event.go:199.10,200.60 1 1
github.com/golly-go/plugins/eventsource/event.go:203.2,203.12 1 1
github.com/golly-go/plugins/eventsource/event.go:206.55,208.16 2 1
github.com/golly-go/plugins/eventsource/event.go:208.16,210.3 1 0
github.com/golly-go/plugins/eventsource/event.go:212.2,216.43 4 1
github.com/golly-go/plugins/eventsource/event.go:216.43,218.3 1 0
github.com/golly-go/plugins/eventsource/event.go:220.2,220.15 1 1
github.com/golly-go/plugins/eventsource/handlercache.go:16.38,18.2 1 1
github.com/golly-go/plugins/eventsource/handlercache.go:20.33,24.2 3 1
github.com/golly-go/plugins/eventsource/handlercache.go:27.75,32.2 4 1
github.com/golly-go/plugins/eventsource/handlercache.go:37.74,40.29 1 1
github.com/golly-go/plugins/eventsource/handlercache.go:40.29,42.3 1 0
github.com/golly-go/plugins/eventsource/handlercache.go:45.2,46.37 2 1
github.com/golly-go/plugins/eventsource/handlercache.go:46.37,49.42 3 1
github.com/golly-go/plugins/eventsource/handlercache.go:49.42,50.12 1 1
github.com/golly-go/plugins/eventsource/handlercache.go:52.3,55.68 2 1
github.com/golly-go/plugins/eventsource/handlercache.go:55.68,57.12 1 0
github.com/golly-go/plugins/eventsource/handlercache.go:59.3,59.16 1 1
github.com/golly-go/plugins/eventsource/handlercache.go:61.2,61.12 1 1
github.com/golly-go/plugins/eventsource/handlercache.go:66.67,69.29 2 1
github.com/golly-go/plugins/eventsource/handlercache.go:69.29,71.3 1 1
github.com/golly-go/plugins/eventsource/handlercache.go:73.2,73.35 1 1
github.com/golly-go/plugins/eventsource/handlercache.go:73.35,75.3 1 1
github.com/golly-go/plugins/eventsource/handlercache.go:78.2,79.26 2 1
github.com/golly-go/plugins/eventsource/handlercache.go:79.26,82.3 2 0
github.com/golly-go/plugins/eventsource/handlercache.go:83.2,86.10 4 1
github.com/golly-go/plugins/eventsource/memorystore.go:24.63,27.2 1 1
github.com/golly-go/plugins/eventsource/memorystore.go:29.46,31.2 1 0
github.com/golly-go/plugins/eventsource/memorystore.go:43.84,46.2 2 1
github.com/golly-go/plugins/eventsource/memorystore.go:49.75,50.23 1 1
github.com/golly-go/plugins/eventsource/memorystore.go:50.23,52.3 1 0
github.com/golly-go/plugins/eventsource/memorystore.go:54.2,57.29 3 1
github.com/golly-go/plugins/eventsource/memorystore.go:57.29,59.3 1 1
github.com/golly-go/plugins/eventsource/memorystore.go:60.2,60.12 1 1
github.com/golly-go/plugins/eventsource/memorystore.go:64.107,69.22 4 0
github.com/golly-go/plugins/eventsource/memorystore.go:69.22,71.3 1 0
github.com/golly-go/plugins/eventsource/memorystore.go:72.2,76.31 3 0
github.com/golly-go/plugins/eventsource/memorystore.go:76.31,78.3 1 0
github.com/golly-go/plugins/eventsource/memorystore.go:80.2,80.20 1 0
github.com/golly-go/plugins/eventsource/memorystore.go:89.9,94.22 4 1
github.com/golly-go/plugins/eventsource/memorystore.go:94.22,96.3 1 1
github.com/golly-go/plugins/eventsource/memorystore.go:97.2,100.6 3 1
github.com/golly-go/plugins/eventsource/memorystore.go:100.6,101.30 1 1
github.com/golly-go/plugins/eventsource/memorystore.go:101.30,102.9 1 1
github.com/golly-go/plugins/eventsource/memorystore.go:104.3,105.26 2 1
github.com/golly-go/plugins/eventsource/memorystore.go:105.26,107.4 1 1
github.com/golly-go/plugins/eventsource/memorystore.go:108.3,112.34 3 1
github.com/golly-go/plugins/eventsource/memorystore.go:112.34,114.4 1 1
github.com/golly-go/plugins/eventsource/memorystore.go:116.3,116.42 1 1
github.com/golly-go/plugins/eventsource/memorystore.go:116.42,118.4 1 1
github.com/golly-go/plugins/eventsource/memorystore.go:119.3,119.28 1 1
github.com/golly-go/plugins/eventsource/memorystore.go:121.2,121.12 1 1
github.com/golly-go/plugins/eventsource/memorystore.go:125.75,129.22 3 0
github.com/golly-go/plugins/eventsource/memorystore.go:129.22,131.3 1 0
github.com/golly-go/plugins/eventsource/memorystore.go:132.2,133.37 2 0
github.com/golly-go/plugins/eventsource/memorystore.go:137.54,141.27 3 0
github.com/golly-go/plugins/eventsource/memorystore.go:141.27,142.71 1 0
github.com/golly-go/plugins/eventsource/memorystore.go:142.71,144.4 1 0
github.com/golly-go/plugins/eventsource/memorystore.go:146.2,146.13 1 0
github.com/golly-go/plugins/eventsource/memorystore.go:150.86,154.31 3 0
github.com/golly-go/plugins/eventsource/memorystore.go:154.31,155.26 1 0
github.com/golly-go/plugins/eventsource/memorystore.go:155.26,157.4 1 0
github.com/golly-go/plugins/eventsource/memorystore.go:159.2,159.19 1 0
github.com/golly-go/plugins/eventsource/memorystore.go:163.80,166.2 2 0
github.com/golly-go/plugins/eventsource/memorystore.go:169.118,175.40 3 1
github.com/golly-go/plugins/eventsource/memorystore.go:175.40,179.41 2 0
github.com/golly-go/plugins/eventsource/memorystore.go:179.41,182.4 1 0
github.com/golly-go/plugins/eventsource/memorystore.go:184.2,184.44 1 1
github.com/golly-go/plugins/eventsource/memorystore.go:188.83,192.31 3 0
github.com/golly-go/plugins/eventsource/memorystore.go:192.31,193.26 1 0
github.com/golly-go/plugins/eventsource/memorystore.go:193.26,196.4 2 0
github.com/golly-go/plugins/eventsource/memorystore.go:198.2,198.39 1 0
github.com/golly-go/plugins/eventsource/memorystore.go:203.66,205.27 2 1
github.com/golly-go/plugins/eventsource/memorystore.go:205.27,209.53 2 1
github.com/golly-go/plugins/eventsource/memorystore.go:209.53,210.12 1 0
github.com/golly-go/plugins/eventsource/memorystore.go:212.3,212.49 1 1
github.com/golly-go/plugins/eventsource/memorystore.go:212.49,213.12 1 0
github.com/golly-go/plugins/eventsource/memorystore.go:216.3,216.61 1 1
github.com/golly-go/plugins/eventsource/memorystore.go:216.61,217.12 1 0
github.com/golly-go/plugins/eventsource/memorystore.go:219.3,219.56 1 1
github.com/golly-go/plugins/eventsource/memorystore.go:219.56,220.12 1 0
github.com/golly-go/plugins/eventsource/memorystore.go:225.3,226.41 2 1
github.com/golly-go/plugins/eventsource/memorystore.go:226.41,227.9 1 0
github.com/golly-go/plugins/eventsource/memorystore.go:230.2,230.12 1 1
github.com/golly-go/plugins/eventsource/memorystore.go:233.53,235.2 1 1
github.com/golly-go/plugins/eventsource/metadata.go:5.39,6.18 1 0
github.com/golly-go/plugins/eventsource/metadata.go:6.18,8.3 1 0
github.com/golly-go/plugins/eventsource/metadata.go:10.2,10.15 1 0
github.com/golly-go/plugins/eventsource/metadata.go:10.15,12.3 1 0
github.com/golly-go/plugins/eventsource/metadata.go:14.2,14.23 1 0
github.com/golly-go/plugins/eventsource/metadata.go:14.23,16.3 1 0
github.com/golly-go/plugins/eventsource/options.go:25.41,26.26 1 1
github.com/golly-go/plugins/eventsource/options.go:26.26,28.3 1 1
github.com/golly-go/plugins/eventsource/options.go:32.61,33.26 1 0
github.com/golly-go/plugins/eventsource/options.go:33.27,33.28 0 0
github.com/golly-go/plugins/eventsource/options.go:37.41,38.26 1 0
github.com/golly-go/plugins/eventsource/options.go:38.27,38.28 0 0
github.com/golly-go/plugins/eventsource/options.go:42.44,43.26 1 0
github.com/golly-go/plugins/eventsource/options.go:43.27,43.28 0 0
github.com/golly-go/plugins/eventsource/options.go:47.44,48.26 1 0
github.com/golly-go/plugins/eventsource/options.go:48.27,48.28 0 0
github.com/golly-go/plugins/eventsource/options.go:51.45,53.27 2 1
github.com/golly-go/plugins/eventsource/options.go:53.27,55.3 1 1
github.com/golly-go/plugins/eventsource/options.go:57.2,57.16 1 1
github.com/golly-go/plugins/eventsource/plugin.go:49.78,50.34 1 0
github.com/golly-go/plugins/eventsource/plugin.go:50.34,50.60 1 0
github.com/golly-go/plugins/eventsource/plugin.go:53.53,54.34 1 0
github.com/golly-go/plugins/eventsource/plugin.go:54.34,54.55 1 0
github.com/golly-go/plugins/eventsource/plugin.go:57.52,58.34 1 0
github.com/golly-go/plugins/eventsource/plugin.go:58.34,58.57 1 0
github.com/golly-go/plugins/eventsource/plugin.go:69.57,71.27 2 0
github.com/golly-go/plugins/eventsource/plugin.go:71.27,73.3 1 0
github.com/golly-go/plugins/eventsource/plugin.go:75.2,75.29 1 0
github.com/golly-go/plugins/eventsource/plugin.go:75.29,77.3 1 0
github.com/golly-go/plugins/eventsource/plugin.go:79.2,79.23 1 0
github.com/golly-go/plugins/eventsource/plugin.go:79.23,82.3 1 0
github.com/golly-go/plugins/eventsource/plugin.go:84.2,84.47 1 0
github.com/golly-go/plugins/eventsource/plugin.go:88.43,88.64 1 0
github.com/golly-go/plugins/eventsource/plugin.go:91.46,91.65 1 0
github.com/golly-go/plugins/eventsource/plugin.go:94.94,97.2 2 0
github.com/golly-go/plugins/eventsource/plugin.go:100.70,103.2 2 0
github.com/golly-go/plugins/eventsource/plugin.go:106.72,109.2 2 0
github.com/golly-go/plugins/eventsource/plugin.go:112.57,112.86 1 0
github.com/golly-go/plugins/eventsource/plugin.go:118.34,119.45 1 0
github.com/golly-go/plugins/eventsource/plugin.go:119.45,120.59 1 0
github.com/golly-go/plugins/eventsource/plugin.go:120.59,122.4 1 0
github.com/golly-go/plugins/eventsource/plugin.go:124.2,124.12 1 0
github.com/golly-go/plugins/eventsource/plugin.go:127.30,128.39 1 0
github.com/golly-go/plugins/eventsource/plugin.go:128.39,130.3 1 0
github.com/golly-go/plugins/eventsource/plugin.go:131.2,131.12 1 0
github.com/golly-go/plugins/eventsource/plugin.go:134.45,135.54 1 0
github.com/golly-go/plugins/eventsource/plugin.go:135.54,137.3 1 0
github.com/golly-go/plugins/eventsource/plugin.go:138.2,138.24 1 0
github.com/golly-go/plugins/eventsource/plugin.go:141.72,143.2 1 0
github.com/golly-go/plugins/eventsource/projections.go:45.58,47.2 1 1
github.com/golly-go/plugins/eventsource/projections.go:49.76,52.2 2 1
github.com/golly-go/plugins/eventsource/projections.go:55.59,58.2 2 1
github.com/golly-go/plugins/eventsource/projections.go:67.48,71.2 1 1
github.com/golly-go/plugins/eventsource/projections.go:74.60,78.29 3 1
github.com/golly-go/plugins/eventsource/projections.go:78.29,80.3 1 1
github.com/golly-go/plugins/eventsource/projections.go:87.69,92.9 4 1
github.com/golly-go/plugins/eventsource/projections.go:92.9,94.3 1 1
github.com/golly-go/plugins/eventsource/projections.go:96.2,96.18 1 1
github.com/golly-go/plugins/eventsource/projections.go:100.93,105.9 4 1
github.com/golly-go/plugins/eventsource/projections.go:105.9,107.3 1 1
github.com/golly-go/plugins/eventsource/projections.go:109.2,109.40 1 1
github.com/golly-go/plugins/eventsource/projections.go:109.40,111.3 1 0
github.com/golly-go/plugins/eventsource/projections.go:114.2,114.50 1 1
github.com/golly-go/plugins/eventsource/projections.go:114.50,116.3 1 0
github.com/golly-go/plugins/eventsource/projections.go:118.2,118.69 1 1
github.com/golly-go/plugins/eventsource/projections.go:122.93,127.9 4 1
github.com/golly-go/plugins/eventsource/projections.go:127.9,129.3 1 1
github.com/golly-go/plugins/eventsource/projections.go:131.2,131.93 1 1
github.com/golly-go/plugins/eventsource/projections.go:135.94,140.9 4 1
github.com/golly-go/plugins/eventsource/projections.go:140.9,142.3 1 1
github.com/golly-go/plugins/eventsource/projections.go:145.2,145.40 1 1
github.com/golly-go/plugins/eventsource/projections.go:145.40,147.3 1 0
github.com/golly-go/plugins/eventsource/projections.go:149.2,150.61 2 1
github.com/golly-go/plugins/eventsource/projections.go:150.61,151.30 1 1
github.com/golly-go/plugins/eventsource/projections.go:151.30,152.53 1 1
github.com/golly-go/plugins/eventsource/projections.go:152.53,156.5 3 1
github.com/golly-go/plugins/eventsource/projections.go:157.4,157.44 1 1
github.com/golly-go/plugins/eventsource/projections.go:159.3,159.13 1 1
github.com/golly-go/plugins/eventsource/projections.go:162.2,162.16 1 1
github.com/golly-go/plugins/eventsource/projections.go:162.16,164.3 1 0
github.com/golly-go/plugins/eventsource/projections.go:165.2,165.18 1 1
github.com/golly-go/plugins/eventsource/projections.go:176.9,181.67 3 1
github.com/golly-go/plugins/eventsource/projections.go:181.67,182.23 1 1
github.com/golly-go/plugins/eventsource/projections.go:182.23,184.4 1 0
github.com/golly-go/plugins/eventsource/projections.go:186.3,186.25 1 1
github.com/golly-go/plugins/eventsource/projections.go:186.25,187.56 1 1
github.com/golly-go/plugins/eventsource/projections.go:187.56,189.5 1 1
github.com/golly-go/plugins/eventsource/projections.go:193.3,193.10 1 1
github.com/golly-go/plugins/eventsource/projections.go:194.21,195.66 1 0
github.com/golly-go/plugins/eventsource/projections.go:196.11,196.11 0 1
github.com/golly-go/plugins/eventsource/projections.go:200.3,200.65 1 1
github.com/golly-go/plugins/eventsource/projections.go:204.41,205.37 1 1
github.com/golly-go/plugins/eventsource/projections.go:205.37,207.3 1 1
github.com/golly-go/plugins/eventsource/projections.go:208.2,208.22 1 1
github.com/golly-go/plugins/eventsource/projections.go:211.73,216.40 2 1
github.com/golly-go/plugins/eventsource/projections.go:216.40,218.3 1 1
github.com/golly-go/plugins/eventsource/projections.go:220.2,220.43 1 1
github.com/golly-go/plugins/eventsource/projections.go:220.43,222.3 1 0
github.com/golly-go/plugins/eventsource/projections.go:223.2,223.15 1 1
github.com/golly-go/plugins/eventsource/projections.go:226.46,228.40 2 0
github.com/golly-go/plugins/eventsource/projections.go:228.40,230.3 1 0
github.com/golly-go/plugins/eventsource/projections.go:232.2,232.43 1 0
github.com/golly-go/plugins/eventsource/projections.go:232.43,234.3 1 0
github.com/golly-go/plugins/eventsource/projections.go:236.2,236.15 1 0
github.com/golly-go/plugins/eventsource/snapshot.go:19.45,21.16 2 1
github.com/golly-go/plugins/eventsource/snapshot.go:21.16,24.3 2 0
github.com/golly-go/plugins/eventsource/snapshot.go:26.2,36.14 8 1
github.com/golly-go/plugins/eventsource/snapshot.go:40.54,42.2 1 1
github.com/golly-go/plugins/eventsource/stream.go:52.44,66.2 3 1
github.com/golly-go/plugins/eventsource/stream.go:69.32,69.49 1 1
github.com/golly-go/plugins/eventsource/stream.go:72.78,75.2 2 1
github.com/golly-go/plugins/eventsource/stream.go:78.67,79.29 1 1
github.com/golly-go/plugins/eventsource/stream.go:79.29,80.51 1 1
github.com/golly-go/plugins/eventsource/stream.go:80.51,82.4 1 1
github.com/golly-go/plugins/eventsource/stream.go:84.2,84.12 1 1
github.com/golly-go/plugins/eventsource/stream.go:88.26,90.15 2 1
github.com/golly-go/plugins/eventsource/stream.go:90.15,93.3 2 0
github.com/golly-go/plugins/eventsource/stream.go:94.2,97.17 4 1
github.com/golly-go/plugins/eventsource/stream.go:101.25,101.43 1 1
github.com/golly-go/plugins/eventsource/stream.go:104.70,107.42 3 1
github.com/golly-go/plugins/eventsource/stream.go:107.42,109.3 1 1
github.com/golly-go/plugins/eventsource/stream.go:110.2,110.40 1 1
github.com/golly-go/plugins/eventsource/stream.go:110.40,112.3 1 1
github.com/golly-go/plugins/eventsource/stream.go:113.2,114.20 2 1
github.com/golly-go/plugins/eventsource/stream.go:114.20,116.3 1 1
github.com/golly-go/plugins/eventsource/stream.go:120.65,125.2 3 1
github.com/golly-go/plugins/eventsource/stream.go:128.67,133.23 4 1
github.com/golly-go/plugins/eventsource/stream.go:133.23,134.73 1 1
github.com/golly-go/plugins/eventsource/stream.go:134.73,136.9 2 1
github.com/golly-go/plugins/eventsource/stream.go:142.43,144.44 2 0
github.com/golly-go/plugins/eventsource/stream.go:144.44,145.16 1 0
github.com/golly-go/plugins/eventsource/stream.go:145.16,146.32 1 0
github.com/golly-go/plugins/eventsource/stream.go:146.32,148.5 1 0
github.com/golly-go/plugins/eventsource/stream.go:150.3,150.52 1 0
github.com/golly-go/plugins/eventsource/stream.go:150.52,152.4 1 0
github.com/golly-go/plugins/eventsource/stream.go:154.2,155.27 2 0
github.com/golly-go/plugins/eventsource/stream.go:158.44,159.16 1 1
github.com/golly-go/plugins/eventsource/stream.go:159.16,161.3 1 0
github.com/golly-go/plugins/eventsource/stream.go:162.2,162.17 1 1
github.com/golly-go/plugins/eventsource/stream.go:165.50,168.2 2 1
github.com/golly-go/plugins/eventsource/stream_manager.go:15.40,15.67 1 1
github.com/golly-go/plugins/eventsource/stream_manager.go:18.58,22.2 3 1
github.com/golly-go/plugins/eventsource/stream_manager.go:25.86,29.43 4 1
github.com/golly-go/plugins/eventsource/stream_manager.go:29.43,31.3 1 0
github.com/golly-go/plugins/eventsource/stream_manager.go:32.2,32.25 1 1
github.com/golly-go/plugins/eventsource/stream_manager.go:32.25,33.25 1 1
github.com/golly-go/plugins/eventsource/stream_manager.go:33.25,35.4 1 1
github.com/golly-go/plugins/eventsource/stream_manager.go:40.78,42.23 2 1
github.com/golly-go/plugins/eventsource/stream_manager.go:42.23,44.3 1 0
github.com/golly-go/plugins/eventsource/stream_manager.go:45.2,45.25 1 1
github.com/golly-go/plugins/eventsource/stream_manager.go:45.25,46.42 1 1
github.com/golly-go/plugins/eventsource/stream_manager.go:46.42,49.4 2 1
github.com/golly-go/plugins/eventsource/stream_manager.go:51.2,51.14 1 0
github.com/golly-go/plugins/eventsource/stream_manager.go:55.34,57.25 2 1
github.com/golly-go/plugins/eventsource/stream_manager.go:57.25,58.49 1 1
github.com/golly-go/plugins/eventsource/stream_manager.go:58.49,60.4 1 1
github.com/golly-go/plugins/eventsource/stream_manager.go:64.57,70.2 5 1
github.com/golly-go/plugins/eventsource/stream_manager.go:73.33,75.25 2 1
github.com/golly-go/plugins/eventsource/stream_manager.go:75.25,76.49 1 1
github.com/golly-go/plugins/eventsource/stream_manager.go:76.49,78.4 1 1
github.com/golly-go/plugins/eventsource/stream_manager.go:79.3,79.40 1 1
github.com/golly-go/plugins/eventsource/stream_manager.go:79.40,81.4 1 1
github.com/golly-go/plugins/eventsource/stream_queue.go:53.44,58.2 1 1
github.com/golly-go/plugins/eventsource/stream_queue.go:81.20,90.2 1 1
github.com/golly-go/plugins/eventsource/stream_queue.go:92.55,93.46 1 1
github.com/golly-go/plugins/eventsource/stream_queue.go:93.46,94.16 1 1
github.com/golly-go/plugins/eventsource/stream_queue.go:94.16,95.32 1 1
github.com/golly-go/plugins/eventsource/stream_queue.go:95.32,97.5 1 0
github.com/golly-go/plugins/eventsource/stream_queue.go:100.3,100.20 1 1
github.com/golly-go/plugins/eventsource/stream_queue.go:104.36,107.2 2 1
github.com/golly-go/plugins/eventsource/stream_queue.go:110.34,119.6 5 1
github.com/golly-go/plugins/eventsource/stream_queue.go:119.6,120.10 1 1
github.com/golly-go/plugins/eventsource/stream_queue.go:121.29,122.11 1 1
github.com/golly-go/plugins/eventsource/stream_queue.go:122.11,125.5 2 1
github.com/golly-go/plugins/eventsource/stream_queue.go:127.4,127.22 1 1
github.com/golly-go/plugins/eventsource/stream_queue.go:129.19,132.32 2 1
github.com/golly-go/plugins/eventsource/stream_queue.go:152.48,155.16 3 1
github.com/golly-go/plugins/eventsource/stream_queue.go:155.16,158.3 2 1
github.com/golly-go/plugins/eventsource/stream_queue.go:160.2,160.42 1 1
github.com/golly-go/plugins/eventsource/stream_queue.go:160.42,164.3 1 0
github.com/golly-go/plugins/eventsource/stream_queue.go:165.2,166.25 2 1
github.com/golly-go/plugins/eventsource/stream_queue.go:170.66,171.6 1 1
github.com/golly-go/plugins/eventsource/stream_queue.go:171.6,173.13 2 1
github.com/golly-go/plugins/eventsource/stream_queue.go:173.13,175.33 1 1
github.com/golly-go/plugins/eventsource/stream_queue.go:175.33,177.5 1 1
github.com/golly-go/plugins/eventsource/stream_queue.go:178.4,178.10 1 1
github.com/golly-go/plugins/eventsource/stream_queue.go:181.3,187.20 4 1
github.com/golly-go/plugins/eventsource/stream_queue.go:211.54,213.39 2 1
github.com/golly-go/plugins/eventsource/stream_queue.go:213.39,214.82 1 1
github.com/golly-go/plugins/eventsource/stream_queue.go:214.82,215.12 1 0
github.com/golly-go/plugins/eventsource/stream_queue.go:217.3,217.34 1 1
github.com/golly-go/plugins/eventsource/stream_queue.go:217.34,219.12 1 0
github.com/golly-go/plugins/eventsource/stream_queue.go:221.3,226.26 4 1
github.com/golly-go/plugins/eventsource/stream_queue.go:231.54,232.43 1 1
github.com/golly-go/plugins/eventsource/stream_queue.go:232.43,233.58 1 1
github.com/golly-go/plugins/eventsource/stream_queue.go:233.58,236.4 1 0
github.com/golly-go/plugins/eventsource/stream_queue.go:277.36,278.52 1 1
github.com/golly-go/plugins/eventsource/stream_queue.go:278.52,280.3 1 0
github.com/golly-go/plugins/eventsource/stream_queue.go:283.2,283.27 1 1
github.com/golly-go/plugins/eventsource/stream_queue.go:283.27,285.3 1 0
github.com/golly-go/plugins/eventsource/stream_queue.go:287.2,287.43 1 1
github.com/golly-go/plugins/eventsource/stream_queue.go:287.43,290.31 2 1
github.com/golly-go/plugins/eventsource/stream_queue.go:290.31,293.4 1 1
github.com/golly-go/plugins/eventsource/stream_queue.go:295.3,295.40 1 1
github.com/golly-go/plugins/eventsource/stream_queue.go:295.40,295.68 1 0
github.com/golly-go/plugins/eventsource/stream_queue.go:297.3,297.28 1 1
github.com/golly-go/plugins/eventsource/stream_queue.go:297.28,304.30 4 1
github.com/golly-go/plugins/eventsource/stream_queue.go:304.30,306.5 1 0
github.com/golly-go/plugins/eventsource/stream_queue.go:308.3,308.34 1 1
github.com/golly-go/plugins/eventsource/stream_queue.go:333.57,334.28 1 1
github.com/golly-go/plugins/eventsource/stream_queue.go:334.28,336.3 1 1
github.com/golly-go/plugins/eventsource/stream_queue.go:337.2,337.25 1 1
github.com/golly-go/plugins/eventsource/stream_queue.go:337.25,339.3 1 1
github.com/golly-go/plugins/eventsource/stream_queue.go:340.2,340.29 1 1
github.com/golly-go/plugins/eventsource/stream_queue.go:340.29,342.3 1 1
github.com/golly-go/plugins/eventsource/stream_queue.go:344.2,349.46 2 1
github.com/golly-go/plugins/eventsource/stream_queue.go:349.46,352.3 2 1
github.com/golly-go/plugins/eventsource/stream_queue.go:354.2,354.11 1 1
github.com/golly-go/plugins/eventsource/stream_queue.go:357.32,358.52 1 1
github.com/golly-go/plugins/eventsource/stream_queue.go:358.52,360.3 1 0
github.com/golly-go/plugins/eventsource/stream_queue.go:362.2,362.35 1 1
github.com/golly-go/plugins/eventsource/stream_queue.go:362.35,364.3 1 1
github.com/golly-go/plugins/eventsource/stream_queue.go:367.31,368.52 1 1
github.com/golly-go/plugins/eventsource/stream_queue.go:368.52,370.3 1 1
github.com/golly-go/plugins/eventsource/stream_queue.go:372.2,372.35 1 1
github.com/golly-go/plugins/eventsource/stream_queue.go:372.35,374.3 1 1
github.com/golly-go/plugins/eventsource/stream_queue.go:376.2,376.14 1 1
github.com/golly-go/plugins/eventsource/stream_queue.go:388.70,389.40 1 1
github.com/golly-go/plugins/eventsource/stream_queue.go:389.40,391.3 1 1
github.com/golly-go/plugins/eventsource/stream_queue.go:393.2,395.9 2 1
github.com/golly-go/plugins/eventsource/stream_queue.go:396.61,397.13 1 1
github.com/golly-go/plugins/eventsource/stream_queue.go:398.20,399.19 1 0
github.com/golly-go/plugins/eventsource/stream_queue.go:400.44,401.61 1 0
github.com/golly-go/plugins/eventsource/stream_queue.go:404.2,404.12 1 0
github.com/golly-go/plugins/eventsource/stream_queue.go:407.58,408.17 1 1
github.com/golly-go/plugins/eventsource/stream_queue.go:408.17,410.3 1 1
github.com/golly-go/plugins/eventsource/stream_queue.go:411.2,413.32 3 1
github.com/golly-go/plugins/eventsource/userinfo.go:20.58,25.2 3 0
github.com/golly-go/plugins/eventsource/utils.go:13.50,14.15 1 1
github.com/golly-go/plugins/eventsource/utils.go:14.15,16.3 1 1
github.com/golly-go/plugins/eventsource/utils.go:18.2,19.32 2 1
github.com/golly-go/plugins/eventsource/utils.go:19.32,21.3 1 1
github.com/golly-go/plugins/eventsource/utils.go:22.2,22.18 1 1
github.com/golly-go/plugins/eventsource/utils.go:25.36,28.28 2 1
github.com/golly-go/plugins/eventsource/utils.go:29.14,30.8 1 1
github.com/golly-go/plugins/eventsource/utils.go:31.10,32.39 1 1
github.com/golly-go/plugins/eventsource/utils.go:35.2,35.12 1 1
github.com/golly-go/plugins/eventsource/utils.go:35.12,37.3 1 1
github.com/golly-go/plugins/eventsource/utils.go:39.2,39.27 1 1
github.com/golly-go/plugins/eventsource/utils.go:43.36,49.2 3 1
github.com/golly-go/plugins/eventsource/utils.go:51.41,52.47 1 1
github.com/golly-go/plugins/eventsource/utils.go:52.47,57.3 3 0
github.com/golly-go/plugins/eventsource/utils.go:60.48,66.29 5 1
github.com/golly-go/plugins/eventsource/utils.go:66.29,68.10 2 1
github.com/golly-go/plugins/eventsource/utils.go:68.10,70.4 1 0
github.com/golly-go/plugins/eventsource/utils.go:72.3,72.120 1 1
github.com/golly-go/plugins/eventsource/utils.go:72.120,73.12 1 1
github.com/golly-go/plugins/eventsource/utils.go:75.3,75.8 1 1
github.com/golly-go/plugins/eventsource/utils.go:78.2,78.23 1 1
github.com/golly-go/plugins/eventsource/utils.go:81.41,85.25 2 1
github.com/golly-go/plugins/eventsource/utils.go:86.14,87.8 1 1
github.com/golly-go/plugins/eventsource/utils.go:88.10,89.36 1 1
github.com/golly-go/plugins/eventsource/utils.go:92.2,94.22 3 1
github.com/golly-go/plugins/eventsource/utils.go:94.22,95.12 1 1
github.com/golly-go/plugins/eventsource/utils.go:96.17,97.20 1 1
github.com/golly-go/plugins/eventsource/utils.go:98.11,99.35 1 1
github.com/golly-go/plugins/eventsource/utils.go:102.2,102.19 1 1
github.com/golly-go/plugins/eventsource/utils.go:105.43,106.35 1 1
github.com/golly-go/plugins/eventsource/utils.go:106.35,108.3 1 1
github.com/golly-go/plugins/eventsource/utils.go:110.2,110.25 1 1
github.com/golly-go/plugins/eventsource/utils.go:111.14,112.11 1 1
github.com/golly-go/plugins/eventsource/utils.go:113.10,114.23 1 1
